[debug] [2021-01-05T04:32:38.376Z] ----------------------------------------------------------------------
[debug] [2021-01-05T04:32:38.378Z] Command:       D:\Apps\node\node.exe C:\Users\pumpk\AppData\Roaming\npm\node_modules\firebase-tools\lib\bin\firebase.js functions:shell
[debug] [2021-01-05T04:32:38.378Z] CLI Version:   9.1.0
[debug] [2021-01-05T04:32:38.378Z] Platform:      win32
[debug] [2021-01-05T04:32:38.378Z] Node Version:  v14.15.3
[debug] [2021-01-05T04:32:38.379Z] Time:          Mon Jan 04 2021 22:32:38 GMT-0600 (Central Standard Time)
[debug] [2021-01-05T04:32:38.379Z] ----------------------------------------------------------------------
[debug] [2021-01-05T04:32:38.379Z] 
[debug] [2021-01-05T04:32:38.384Z] > command requires scopes: ["email","openid","https://www.googleapis.com/auth/cloudplatformprojects.readonly","https://www.googleapis.com/auth/firebase","https://www.googleapis.com/auth/cloud-platform"]
[debug] [2021-01-05T04:32:38.385Z] > authorizing via signed-in user
[debug] [2021-01-05T04:32:38.385Z] [iam] checking project elemented-images for permissions ["firebase.projects.get"]
[debug] [2021-01-05T04:32:38.387Z] >>> HTTP REQUEST POST https://cloudresourcemanager.googleapis.com/v1/projects/elemented-images:testIamPermissions  
 {"permissions":["firebase.projects.get"]}
[debug] [2021-01-05T04:32:38.495Z] <<< HTTP RESPONSE 200 {"content-type":"application/json; charset=UTF-8","vary":"X-Origin, Referer, Origin,Accept-Encoding","date":"Tue, 05 Jan 2021 04:32:38 GMT","server":"ESF","cache-control":"private","x-xss-protection":"0","x-frame-options":"SAMEORIGIN","x-content-type-options":"nosniff","server-timing":"gfet4t7; dur=31","alt-svc":"h3-29=\":443\"; ma=2592000,h3-T051=\":443\"; ma=2592000,h3-Q050=\":443\"; ma=2592000,h3-Q046=\":443\"; ma=2592000,h3-Q043=\":443\"; ma=2592000,quic=\":443\"; ma=2592000; v=\"46,43\"","accept-ranges":"none","transfer-encoding":"chunked"}
[warn] !  Your requested "node" version "12" doesn't match your global version "14" {"metadata":{"emulator":{"name":"functions"},"message":"Your requested \"node\" version \"12\" doesn't match your global version \"14\""}}
[debug] [2021-01-05T04:32:38.504Z] defaultcredentials: writing to file C:\Users\pumpk\AppData\Roaming\firebase\pumpkineater661_gmail_com_application_default_credentials.json
[debug] [2021-01-05T04:32:38.509Z] DEBUG: Setting GAC to C:\Users\pumpk\AppData\Roaming\firebase\pumpkineater661_gmail_com_application_default_credentials.json
[debug] [2021-01-05T04:32:38.516Z] [functions] Watching "D:\Documents\Projects\Elemented-Images\application\functions" for Cloud Functions...
[debug] [2021-01-05T04:32:38.526Z] DEBUG: [worker-pool] addWorker(~diagnostic~)
[debug] [2021-01-05T04:32:38.526Z] DEBUG: [worker-pool] Adding worker with key ~diagnostic~, total=1
[debug] [2021-01-05T04:32:38.526Z] DEBUG: [worker-pool] submitWork(triggerId=)
[debug] [2021-01-05T04:32:38.526Z] DEBUG: [worker-~diagnostic~-25593a66-35d1-4240-a7d1-e069c81542b6]: Assigning socketPath: \\?\pipe\D:\Documents\Projects\Elemented-Images\application\functions\3260
[debug] [2021-01-05T04:32:38.526Z] DEBUG: [worker-~diagnostic~-25593a66-35d1-4240-a7d1-e069c81542b6]: BUSY
[debug] [2021-01-05T04:32:38.696Z] DEBUG: [runtime-status] [3260] Functions runtime initialized. {"cwd":"D:\\Documents\\Projects\\Elemented-Images\\application\\functions","node_version":"14.15.3"}
[debug] [2021-01-05T04:32:38.697Z] DEBUG: [runtime-status] [3260] Disabled runtime features: undefined
[debug] [2021-01-05T04:32:38.699Z] DEBUG: [runtime-status] [3260] Resolved module firebase-admin {"declared":true,"installed":true,"version":"9.4.2","resolution":"D:\\Documents\\Projects\\Elemented-Images\\application\\functions\\node_modules\\firebase-admin\\lib\\index.js"}
[debug] [2021-01-05T04:32:38.700Z] DEBUG: [runtime-status] [3260] Resolved module firebase-functions {"declared":true,"installed":true,"version":"3.13.0","resolution":"D:\\Documents\\Projects\\Elemented-Images\\application\\functions\\node_modules\\firebase-functions\\lib\\index.js"}
[debug] [2021-01-05T04:32:38.701Z] DEBUG: [runtime-status] [3260] Resolved module firebase-functions {"declared":true,"installed":true,"version":"3.13.0","resolution":"D:\\Documents\\Projects\\Elemented-Images\\application\\functions\\node_modules\\firebase-functions\\lib\\index.js"}
[debug] [2021-01-05T04:32:38.702Z] DEBUG: [runtime-status] [3260] Outgoing network have been stubbed. [{"name":"http","status":"mocked"},{"name":"http","status":"mocked"},{"name":"https","status":"mocked"},{"name":"https","status":"mocked"},{"name":"net","status":"mocked"}]
[debug] [2021-01-05T04:32:38.703Z] DEBUG: [runtime-status] [3260] Resolved module firebase-functions {"declared":true,"installed":true,"version":"3.13.0","resolution":"D:\\Documents\\Projects\\Elemented-Images\\application\\functions\\node_modules\\firebase-functions\\lib\\index.js"}
[debug] [2021-01-05T04:32:38.735Z] DEBUG: [runtime-status] [3260] Checked functions.config() {"config":{}}
[debug] [2021-01-05T04:32:38.735Z] DEBUG: [runtime-status] [3260] firebase-functions has been stubbed. {"functionsResolution":{"declared":true,"installed":true,"version":"3.13.0","resolution":"D:\\Documents\\Projects\\Elemented-Images\\application\\functions\\node_modules\\firebase-functions\\lib\\index.js"}}
[debug] [2021-01-05T04:32:38.735Z] DEBUG: [runtime-status] [3260] Resolved module firebase-functions {"declared":true,"installed":true,"version":"3.13.0","resolution":"D:\\Documents\\Projects\\Elemented-Images\\application\\functions\\node_modules\\firebase-functions\\lib\\index.js"}
[debug] [2021-01-05T04:32:38.736Z] DEBUG: [runtime-status] [3260] Resolved module firebase-admin {"declared":true,"installed":true,"version":"9.4.2","resolution":"D:\\Documents\\Projects\\Elemented-Images\\application\\functions\\node_modules\\firebase-admin\\lib\\index.js"}
[debug] [2021-01-05T04:32:38.736Z] DEBUG: [runtime-status] [3260] Resolved module firebase-functions {"declared":true,"installed":true,"version":"3.13.0","resolution":"D:\\Documents\\Projects\\Elemented-Images\\application\\functions\\node_modules\\firebase-functions\\lib\\index.js"}
[debug] [2021-01-05T04:32:38.736Z] DEBUG: [runtime-status] [3260] firebase-admin has been stubbed. {"adminResolution":{"declared":true,"installed":true,"version":"9.4.2","resolution":"D:\\Documents\\Projects\\Elemented-Images\\application\\functions\\node_modules\\firebase-admin\\lib\\index.js"}}
[warn] !  It looks like you're trying to access functions.config().cloudinary but there is no value there. You can learn more about setting up config here: https://firebase.google.com/docs/functions/local-emulator {"metadata":{"emulator":{"name":"functions"},"message":"It looks like you're trying to access functions.config().cloudinary but there is no value there. You can learn more about setting up config here: https://firebase.google.com/docs/functions/local-emulator"}}
[warn] !  TypeError: Cannot read property 'cloud_name' of undefined
    at Object.<anonymous> (D:\Documents\Projects\Elemented-Images\application\functions\utils\cloudinary.js:6:46)
    at Module._compile (internal/modules/cjs/loader.js:1063:30)
    at Object.Module._extensions..js (internal/modules/cjs/loader.js:1092:10)
    at Module.load (internal/modules/cjs/loader.js:928:32)
    at Function.Module._load (internal/modules/cjs/loader.js:769:14)
    at Module.require (internal/modules/cjs/loader.js:952:19)
    at require (internal/modules/cjs/helpers.js:88:18)
    at Object.<anonymous> (D:\Documents\Projects\Elemented-Images\application\functions\index.js:1:24)
    at Module._compile (internal/modules/cjs/loader.js:1063:30)
    at Object.Module._extensions..js (internal/modules/cjs/loader.js:1092:10) {"metadata":{"emulator":{"name":"functions"},"message":"TypeError: Cannot read property 'cloud_name' of undefined\n    at Object.<anonymous> (D:\\Documents\\Projects\\Elemented-Images\\application\\functions\\utils\\cloudinary.js:6:46)\n    at Module._compile (internal/modules/cjs/loader.js:1063:30)\n    at Object.Module._extensions..js (internal/modules/cjs/loader.js:1092:10)\n    at Module.load (internal/modules/cjs/loader.js:928:32)\n    at Function.Module._load (internal/modules/cjs/loader.js:769:14)\n    at Module.require (internal/modules/cjs/loader.js:952:19)\n    at require (internal/modules/cjs/helpers.js:88:18)\n    at Object.<anonymous> (D:\\Documents\\Projects\\Elemented-Images\\application\\functions\\index.js:1:24)\n    at Module._compile (internal/modules/cjs/loader.js:1063:30)\n    at Object.Module._extensions..js (internal/modules/cjs/loader.js:1092:10)"}}
[warn] !  We were unable to load your functions code. (see above) {"metadata":{"emulator":{"name":"functions"}}}
[debug] [2021-01-05T04:32:38.856Z] DEBUG: [worker-~diagnostic~-25593a66-35d1-4240-a7d1-e069c81542b6]: exited
[debug] [2021-01-05T04:32:38.857Z] DEBUG: [worker-~diagnostic~-25593a66-35d1-4240-a7d1-e069c81542b6]: FINISHED
